
> my-local-info@0.1.0 build
> next build

▲ Next.js 16.2.1 (Turbopack)
- Environments: .env.local

  Creating an optimized production build ...
✓ Compiled successfully in 3.2s
  Running TypeScript ...
  Finished TypeScript in 3.2s ...
  Collecting page data using 8 workers ...
  Generating static pages using 8 workers (0/11) ...
  Generating static pages using 8 workers (2/11) 
  Generating static pages using 8 workers (5/11) 
  Generating static pages using 8 workers (8/11) 
✓ Generating static pages using 8 workers (11/11) in 1018ms
  Finalizing page optimization ...

Route (app)
┌ ○ /
├ ○ /_not-found
├ ○ /blog
├ ● /blog/[slug]
│ └ /blog/2026-03-27-cherry-blossom
└ ● /info/[id]
  ├ /info/event-1
  ├ /info/event-2
  ├ /info/event-3
  └ [+2 more paths]


○  (Static)  prerendered as static content
●  (SSG)     prerendered as static HTML (uses generateStaticParams)

